[ 2015-10-27T08:48:01+08:00 ] 127.0.0.1 /ywzg/1/index.php/Scratch/Sctatch
INFO: [ route_check ] --START--
INFO: CheckRoute Behavior ::run [ RunTime:0.012513s ]
INFO: [ route_check ] --END-- [ RunTime:0.012791s ]
INFO: [ app_begin ] --START--
INFO: ReadHtmlCache Behavior ::run [ RunTime:0.000978s ]
INFO: [ app_begin ] --END-- [ RunTime:0.001101s ]
ERR: 无法加载模块:Sctatch

[ 2015-10-27T08:48:27+08:00 ] 127.0.0.1 /ywzg/1/index.php/Scratch/Scratch
INFO: [ route_check ] --START--
INFO: CheckRoute Behavior ::run [ RunTime:0.004266s ]
INFO: [ route_check ] --END-- [ RunTime:0.004440s ]
INFO: [ app_begin ] --START--
INFO: ReadHtmlCache Behavior ::run [ RunTime:0.000411s ]
INFO: [ app_begin ] --END-- [ RunTime:0.000473s ]
SQL: SHOW COLUMNS FROM `sc_prize` [ RunTime:0.238208s ]
SQL: SELECT * FROM `sc_prize` WHERE ( id>0 )  [ RunTime:0.046074s ]
INFO: [ view_parse ] --START--
NOTIC: [8] Undefined variable: prize /phpstudy/www/ywzg/1/App/Runtime/Cache/Scratch/de4eafa14d6f7e774400651ec7f40fd2.php 第 61 行.
NOTIC: [8] Undefined variable: prize /phpstudy/www/ywzg/1/App/Runtime/Cache/Scratch/de4eafa14d6f7e774400651ec7f40fd2.php 第 69 行.
NOTIC: [8] Undefined variable: prize /phpstudy/www/ywzg/1/App/Runtime/Cache/Scratch/de4eafa14d6f7e774400651ec7f40fd2.php 第 69 行.
NOTIC: [8] Undefined variable: prize /phpstudy/www/ywzg/1/App/Runtime/Cache/Scratch/de4eafa14d6f7e774400651ec7f40fd2.php 第 72 行.
NOTIC: [8] Undefined variable: scratch /phpstudy/www/ywzg/1/App/Runtime/Cache/Scratch/de4eafa14d6f7e774400651ec7f40fd2.php 第 120 行.

[ 2015-10-27T08:48:27+08:00 ] 127.0.0.1 /ywzg/1/index.php/Home/Scratch/login.html
INFO: [ route_check ] --START--
INFO: CheckRoute Behavior ::run [ RunTime:0.003260s ]
INFO: [ route_check ] --END-- [ RunTime:0.003325s ]
INFO: [ app_begin ] --START--
INFO: ReadHtmlCache Behavior ::run [ RunTime:0.000412s ]
INFO: [ app_begin ] --END-- [ RunTime:0.000465s ]
ERR: 无法加载模块:Home

[ 2015-10-27T08:50:57+08:00 ] 127.0.0.1 /ywzg/1/index.php/Scratch/Scratch
INFO: [ route_check ] --START--
INFO: CheckRoute Behavior ::run [ RunTime:0.001064s ]
INFO: [ route_check ] --END-- [ RunTime:0.001233s ]
INFO: [ app_begin ] --START--
INFO: ReadHtmlCache Behavior ::run [ RunTime:0.000418s ]
INFO: [ app_begin ] --END-- [ RunTime:0.000529s ]
SQL: SHOW COLUMNS FROM `sc_prize` [ RunTime:0.000697s ]
SQL: SELECT * FROM `sc_prize` WHERE ( id>0 )  [ RunTime:0.000275s ]

[ 2015-10-27T08:56:09+08:00 ] 127.0.0.1 /ywzg/1/index.php/Scratch/Scratch
INFO: [ route_check ] --START--
INFO: CheckRoute Behavior ::run [ RunTime:0.000648s ]
INFO: [ route_check ] --END-- [ RunTime:0.000819s ]
INFO: [ app_begin ] --START--
INFO: ReadHtmlCache Behavior ::run [ RunTime:0.000378s ]
INFO: [ app_begin ] --END-- [ RunTime:0.000414s ]
SQL: SHOW COLUMNS FROM `sc_prize` [ RunTime:0.002400s ]
SQL: SELECT * FROM `sc_prize` WHERE ( id>0 )  [ RunTime:0.000328s ]
INFO: [ view_parse ] --START--
NOTIC: [8] Undefined variable: prize /phpstudy/www/ywzg/1/App/Runtime/Cache/Scratch/de4eafa14d6f7e774400651ec7f40fd2.php 第 61 行.
NOTIC: [8] Undefined variable: prize /phpstudy/www/ywzg/1/App/Runtime/Cache/Scratch/de4eafa14d6f7e774400651ec7f40fd2.php 第 69 行.
NOTIC: [8] Undefined variable: prize /phpstudy/www/ywzg/1/App/Runtime/Cache/Scratch/de4eafa14d6f7e774400651ec7f40fd2.php 第 69 行.
NOTIC: [8] Undefined variable: prize /phpstudy/www/ywzg/1/App/Runtime/Cache/Scratch/de4eafa14d6f7e774400651ec7f40fd2.php 第 72 行.
NOTIC: [8] Undefined variable: scratch /phpstudy/www/ywzg/1/App/Runtime/Cache/Scratch/de4eafa14d6f7e774400651ec7f40fd2.php 第 120 行.

[ 2015-10-27T08:56:09+08:00 ] 127.0.0.1 /ywzg/1/index.php/Scratch/Scratch/login.html
INFO: [ route_check ] --START--
INFO: CheckRoute Behavior ::run [ RunTime:0.000467s ]
INFO: [ route_check ] --END-- [ RunTime:0.000523s ]
INFO: [ app_begin ] --START--
INFO: ReadHtmlCache Behavior ::run [ RunTime:0.000291s ]
INFO: [ app_begin ] --END-- [ RunTime:0.000324s ]
NOTIC: [8] Constant THEME_NAME already defined /phpstudy/www/ywzg/1/ThinkPHP/Lib/Core/View.class.php 第 223 行.
NOTIC: [8] Constant THEME_PATH already defined /phpstudy/www/ywzg/1/ThinkPHP/Lib/Core/View.class.php 第 171 行.
NOTIC: [8] Constant APP_TMPL_PATH already defined /phpstudy/www/ywzg/1/ThinkPHP/Lib/Core/View.class.php 第 172 行.
INFO: [ view_parse ] --START--
INFO: ParseTemplate Behavior ::run [ RunTime:0.005456s ]
INFO: [ view_parse ] --END-- [ RunTime:0.005503s ]
INFO: [ view_filter ] --START--
INFO: ContentReplace Behavior ::run [ RunTime:0.025488s ]
INFO: TokenBuild Behavior ::run [ RunTime:0.002669s ]
INFO: WriteHtmlCache Behavior ::run [ RunTime:0.000524s ]
INFO: ShowRuntime Behavior ::run [ RunTime:0.000776s ]
INFO: [ view_filter ] --END-- [ RunTime:0.029601s ]
INFO: [ view_end ] --START--
INFO: ShowPageTrace Behavior ::run [ RunTime:0.000856s ]
INFO: [ view_end ] --END-- [ RunTime:0.000893s ]

[ 2015-10-27T08:57:20+08:00 ] 127.0.0.1 /ywzg/1/index.php/Scratch/Scratch/l
INFO: [ route_check ] --START--
INFO: CheckRoute Behavior ::run [ RunTime:0.000912s ]
INFO: [ route_check ] --END-- [ RunTime:0.001056s ]
INFO: [ app_begin ] --START--
INFO: ReadHtmlCache Behavior ::run [ RunTime:0.000364s ]
INFO: [ app_begin ] --END-- [ RunTime:0.000421s ]
ERR: 非法操作:l

[ 2015-10-27T09:00:58+08:00 ] 127.0.0.1 /ywzg/1/index.php/Scratch/Scratch/l
INFO: [ route_check ] --START--
INFO: CheckRoute Behavior ::run [ RunTime:0.000735s ]
INFO: [ route_check ] --END-- [ RunTime:0.000893s ]
INFO: [ app_begin ] --START--
INFO: ReadHtmlCache Behavior ::run [ RunTime:0.002712s ]
INFO: [ app_begin ] --END-- [ RunTime:0.002775s ]
ERR: 非法操作:l

[ 2015-10-27T09:01:00+08:00 ] 127.0.0.1 /ywzg/1/index.php/Scratch/Scratch/l
INFO: [ route_check ] --START--
INFO: CheckRoute Behavior ::run [ RunTime:0.000493s ]
INFO: [ route_check ] --END-- [ RunTime:0.000546s ]
INFO: [ app_begin ] --START--
INFO: ReadHtmlCache Behavior ::run [ RunTime:0.005265s ]
INFO: [ app_begin ] --END-- [ RunTime:0.005326s ]
ERR: 非法操作:l

[ 2015-10-27T09:01:01+08:00 ] 127.0.0.1 /ywzg/1/index.php/Scratch/Scratch/l
INFO: [ route_check ] --START--
INFO: CheckRoute Behavior ::run [ RunTime:0.000516s ]
INFO: [ route_check ] --END-- [ RunTime:0.000610s ]
INFO: [ app_begin ] --START--
INFO: ReadHtmlCache Behavior ::run [ RunTime:0.000554s ]
INFO: [ app_begin ] --END-- [ RunTime:0.000592s ]
ERR: 非法操作:l

[ 2015-10-27T09:01:09+08:00 ] 127.0.0.1 /ywzg/1/index.php/Scratch/Scratch/
INFO: [ route_check ] --START--
INFO: CheckRoute Behavior ::run [ RunTime:0.000708s ]
INFO: [ route_check ] --END-- [ RunTime:0.000870s ]
INFO: [ app_begin ] --START--
INFO: ReadHtmlCache Behavior ::run [ RunTime:0.000315s ]
INFO: [ app_begin ] --END-- [ RunTime:0.000355s ]
SQL: SHOW COLUMNS FROM `sc_prize` [ RunTime:0.001307s ]
SQL: SELECT * FROM `sc_prize` WHERE ( id>0 )  [ RunTime:0.000314s ]
INFO: [ view_parse ] --START--

[ 2015-10-27T09:01:32+08:00 ] 127.0.0.1 /ywzg/1/index.php/Scratch/Scratch/
INFO: [ route_check ] --START--
INFO: CheckRoute Behavior ::run [ RunTime:0.001325s ]
INFO: [ route_check ] --END-- [ RunTime:0.001489s ]
INFO: [ app_begin ] --START--
INFO: ReadHtmlCache Behavior ::run [ RunTime:0.000371s ]
INFO: [ app_begin ] --END-- [ RunTime:0.000405s ]
SQL: SHOW COLUMNS FROM `sc_prize` [ RunTime:0.001668s ]
SQL: SELECT * FROM `sc_prize` WHERE ( id>0 )  [ RunTime:0.000351s ]
INFO: [ view_parse ] --START--
NOTIC: [8] Undefined variable: prize /phpstudy/www/ywzg/1/App/Runtime/Cache/Scratch/de4eafa14d6f7e774400651ec7f40fd2.php 第 61 行.
NOTIC: [8] Undefined variable: prize /phpstudy/www/ywzg/1/App/Runtime/Cache/Scratch/de4eafa14d6f7e774400651ec7f40fd2.php 第 69 行.
NOTIC: [8] Undefined variable: prize /phpstudy/www/ywzg/1/App/Runtime/Cache/Scratch/de4eafa14d6f7e774400651ec7f40fd2.php 第 69 行.
NOTIC: [8] Undefined variable: prize /phpstudy/www/ywzg/1/App/Runtime/Cache/Scratch/de4eafa14d6f7e774400651ec7f40fd2.php 第 72 行.
NOTIC: [8] Undefined variable: scratch /phpstudy/www/ywzg/1/App/Runtime/Cache/Scratch/de4eafa14d6f7e774400651ec7f40fd2.php 第 120 行.

[ 2015-10-27T09:01:32+08:00 ] 127.0.0.1 /ywzg/1/index.php/Scratch/Scratch/login.html
INFO: [ route_check ] --START--
INFO: CheckRoute Behavior ::run [ RunTime:0.000452s ]
INFO: [ route_check ] --END-- [ RunTime:0.000503s ]
INFO: [ app_begin ] --START--
INFO: ReadHtmlCache Behavior ::run [ RunTime:0.000286s ]
INFO: [ app_begin ] --END-- [ RunTime:0.000319s ]
NOTIC: [8] Constant THEME_NAME already defined /phpstudy/www/ywzg/1/ThinkPHP/Lib/Core/View.class.php 第 223 行.
NOTIC: [8] Constant THEME_PATH already defined /phpstudy/www/ywzg/1/ThinkPHP/Lib/Core/View.class.php 第 171 行.
NOTIC: [8] Constant APP_TMPL_PATH already defined /phpstudy/www/ywzg/1/ThinkPHP/Lib/Core/View.class.php 第 172 行.
INFO: [ view_parse ] --START--
INFO: ParseTemplate Behavior ::run [ RunTime:0.005859s ]
INFO: [ view_parse ] --END-- [ RunTime:0.005907s ]
INFO: [ view_filter ] --START--
INFO: ContentReplace Behavior ::run [ RunTime:0.000615s ]
INFO: TokenBuild Behavior ::run [ RunTime:0.000286s ]
INFO: WriteHtmlCache Behavior ::run [ RunTime:0.000133s ]
INFO: ShowRuntime Behavior ::run [ RunTime:0.000336s ]
INFO: [ view_filter ] --END-- [ RunTime:0.001472s ]
INFO: [ view_end ] --START--
INFO: ShowPageTrace Behavior ::run [ RunTime:0.000346s ]
INFO: [ view_end ] --END-- [ RunTime:0.000377s ]

[ 2015-10-27T09:04:32+08:00 ] 127.0.0.1 /ywzg/1/index.php/Scratch/Scratch
INFO: [ route_check ] --START--
INFO: CheckRoute Behavior ::run [ RunTime:0.004405s ]
INFO: [ route_check ] --END-- [ RunTime:0.004578s ]
INFO: [ app_begin ] --START--
INFO: ReadHtmlCache Behavior ::run [ RunTime:0.000363s ]
INFO: [ app_begin ] --END-- [ RunTime:0.000437s ]
SQL: SHOW COLUMNS FROM `sc_prize` [ RunTime:0.001362s ]
SQL: SELECT * FROM `sc_prize` WHERE ( id>0 )  [ RunTime:0.000338s ]
INFO: [ view_parse ] --START--
NOTIC: [8] Undefined variable: prize /phpstudy/www/ywzg/1/App/Runtime/Cache/Scratch/de4eafa14d6f7e774400651ec7f40fd2.php 第 61 行.
NOTIC: [8] Undefined variable: prize /phpstudy/www/ywzg/1/App/Runtime/Cache/Scratch/de4eafa14d6f7e774400651ec7f40fd2.php 第 69 行.
NOTIC: [8] Undefined variable: prize /phpstudy/www/ywzg/1/App/Runtime/Cache/Scratch/de4eafa14d6f7e774400651ec7f40fd2.php 第 69 行.
NOTIC: [8] Undefined variable: prize /phpstudy/www/ywzg/1/App/Runtime/Cache/Scratch/de4eafa14d6f7e774400651ec7f40fd2.php 第 72 行.
NOTIC: [8] Undefined variable: scratch /phpstudy/www/ywzg/1/App/Runtime/Cache/Scratch/de4eafa14d6f7e774400651ec7f40fd2.php 第 120 行.
INFO: ParseTemplate Behavior ::run [ RunTime:0.037668s ]
INFO: [ view_parse ] --END-- [ RunTime:0.037761s ]
INFO: [ view_filter ] --START--
INFO: ContentReplace Behavior ::run [ RunTime:0.000318s ]
INFO: TokenBuild Behavior ::run [ RunTime:0.000200s ]
INFO: WriteHtmlCache Behavior ::run [ RunTime:0.000131s ]
INFO: ShowRuntime Behavior ::run [ RunTime:0.000325s ]
INFO: [ view_filter ] --END-- [ RunTime:0.001063s ]
INFO: [ view_end ] --START--
INFO: ShowPageTrace Behavior ::run [ RunTime:0.000505s ]
INFO: [ view_end ] --END-- [ RunTime:0.003903s ]

[ 2015-10-27T09:11:14+08:00 ] 127.0.0.1 /ywzg/1/index.php/Scratch/Scratch
INFO: [ route_check ] --START--
INFO: CheckRoute Behavior ::run [ RunTime:0.000553s ]
INFO: [ route_check ] --END-- [ RunTime:0.000665s ]
INFO: [ app_begin ] --START--
INFO: ReadHtmlCache Behavior ::run [ RunTime:0.000390s ]
INFO: [ app_begin ] --END-- [ RunTime:0.000434s ]
SQL: SHOW COLUMNS FROM `sc_prize` [ RunTime:0.000907s ]
SQL: SELECT * FROM `sc_prize` WHERE ( id>0 )  [ RunTime:0.000341s ]
INFO: [ view_parse ] --START--
NOTIC: [8] Undefined variable: prize /phpstudy/www/ywzg/1/App/Runtime/Cache/Scratch/de4eafa14d6f7e774400651ec7f40fd2.php 第 61 行.
NOTIC: [8] Undefined variable: prize /phpstudy/www/ywzg/1/App/Runtime/Cache/Scratch/de4eafa14d6f7e774400651ec7f40fd2.php 第 69 行.
NOTIC: [8] Undefined variable: prize /phpstudy/www/ywzg/1/App/Runtime/Cache/Scratch/de4eafa14d6f7e774400651ec7f40fd2.php 第 69 行.
NOTIC: [8] Undefined variable: prize /phpstudy/www/ywzg/1/App/Runtime/Cache/Scratch/de4eafa14d6f7e774400651ec7f40fd2.php 第 72 行.
NOTIC: [8] Undefined variable: scratch /phpstudy/www/ywzg/1/App/Runtime/Cache/Scratch/de4eafa14d6f7e774400651ec7f40fd2.php 第 120 行.
INFO: ParseTemplate Behavior ::run [ RunTime:0.008194s ]
INFO: [ view_parse ] --END-- [ RunTime:0.008275s ]
INFO: [ view_filter ] --START--
INFO: ContentReplace Behavior ::run [ RunTime:0.000256s ]
INFO: TokenBuild Behavior ::run [ RunTime:0.000191s ]
INFO: WriteHtmlCache Behavior ::run [ RunTime:0.000128s ]
INFO: ShowRuntime Behavior ::run [ RunTime:0.000308s ]
INFO: [ view_filter ] --END-- [ RunTime:0.000992s ]
INFO: [ view_end ] --START--
INFO: ShowPageTrace Behavior ::run [ RunTime:0.000364s ]
INFO: [ view_end ] --END-- [ RunTime:0.000419s ]

[ 2015-10-27T09:11:21+08:00 ] 127.0.0.1 /ywzg/1/index.php/Scratch/Scratch
INFO: [ route_check ] --START--
INFO: CheckRoute Behavior ::run [ RunTime:0.000838s ]
INFO: [ route_check ] --END-- [ RunTime:0.003633s ]
INFO: [ app_begin ] --START--
INFO: ReadHtmlCache Behavior ::run [ RunTime:0.000389s ]
INFO: [ app_begin ] --END-- [ RunTime:0.000448s ]
SQL: SHOW COLUMNS FROM `sc_prize` [ RunTime:0.000773s ]
SQL: SELECT * FROM `sc_prize` WHERE ( id>0 )  [ RunTime:0.003808s ]
INFO: [ view_parse ] --START--
NOTIC: [8] Undefined variable: prize /phpstudy/www/ywzg/1/App/Runtime/Cache/Scratch/de4eafa14d6f7e774400651ec7f40fd2.php 第 61 行.
NOTIC: [8] Undefined variable: prize /phpstudy/www/ywzg/1/App/Runtime/Cache/Scratch/de4eafa14d6f7e774400651ec7f40fd2.php 第 69 行.
NOTIC: [8] Undefined variable: prize /phpstudy/www/ywzg/1/App/Runtime/Cache/Scratch/de4eafa14d6f7e774400651ec7f40fd2.php 第 69 行.
NOTIC: [8] Undefined variable: prize /phpstudy/www/ywzg/1/App/Runtime/Cache/Scratch/de4eafa14d6f7e774400651ec7f40fd2.php 第 72 行.
NOTIC: [8] Undefined variable: scratch /phpstudy/www/ywzg/1/App/Runtime/Cache/Scratch/de4eafa14d6f7e774400651ec7f40fd2.php 第 120 行.
INFO: ParseTemplate Behavior ::run [ RunTime:0.013201s ]
INFO: [ view_parse ] --END-- [ RunTime:0.013455s ]
INFO: [ view_filter ] --START--
INFO: ContentReplace Behavior ::run [ RunTime:0.000395s ]
INFO: TokenBuild Behavior ::run [ RunTime:0.000204s ]
INFO: WriteHtmlCache Behavior ::run [ RunTime:0.000124s ]
INFO: ShowRuntime Behavior ::run [ RunTime:0.000638s ]
INFO: [ view_filter ] --END-- [ RunTime:0.001475s ]
INFO: [ view_end ] --START--
INFO: ShowPageTrace Behavior ::run [ RunTime:0.000455s ]
INFO: [ view_end ] --END-- [ RunTime:0.000506s ]

[ 2015-10-27T09:16:39+08:00 ] 127.0.0.1 /ywzg/1/index.php/Wechat
INFO: [ route_check ] --START--
INFO: CheckRoute Behavior ::run [ RunTime:0.000774s ]
INFO: [ route_check ] --END-- [ RunTime:0.004302s ]
INFO: [ app_begin ] --START--
INFO: ReadHtmlCache Behavior ::run [ RunTime:0.000314s ]
INFO: [ app_begin ] --END-- [ RunTime:0.000350s ]
ERR: 无法加载模块:Index

[ 2015-10-27T09:16:58+08:00 ] 127.0.0.1 /ywzg/1/index.php/WeChat
INFO: [ route_check ] --START--
INFO: CheckRoute Behavior ::run [ RunTime:0.000587s ]
INFO: [ route_check ] --END-- [ RunTime:0.000748s ]
INFO: [ app_begin ] --START--
INFO: ReadHtmlCache Behavior ::run [ RunTime:0.000344s ]
INFO: [ app_begin ] --END-- [ RunTime:0.000382s ]
ERR: 无法加载模块:Index

[ 2015-10-27T09:17:46+08:00 ] 127.0.0.1 /ywzg/1/index.php/WeChat/Index
INFO: [ route_check ] --START--
INFO: CheckRoute Behavior ::run [ RunTime:0.004089s ]
INFO: [ route_check ] --END-- [ RunTime:0.004218s ]
INFO: [ app_begin ] --START--
INFO: ReadHtmlCache Behavior ::run [ RunTime:0.000388s ]
INFO: [ app_begin ] --END-- [ RunTime:0.000488s ]
ERR: 无法加载模块:Index

[ 2015-10-27T09:18:05+08:00 ] 127.0.0.1 /ywzg/1/index.php/WeChat/Index
INFO: [ route_check ] --START--
INFO: CheckRoute Behavior ::run [ RunTime:0.000536s ]
INFO: [ route_check ] --END-- [ RunTime:0.000645s ]
INFO: [ app_begin ] --START--
INFO: ReadHtmlCache Behavior ::run [ RunTime:0.000312s ]
INFO: [ app_begin ] --END-- [ RunTime:0.000349s ]
ERR: 无法加载模块:Index

[ 2015-10-27T09:18:06+08:00 ] 127.0.0.1 /ywzg/1/index.php/WeChat/Index
INFO: [ route_check ] --START--
INFO: CheckRoute Behavior ::run [ RunTime:0.000456s ]
INFO: [ route_check ] --END-- [ RunTime:0.000509s ]
INFO: [ app_begin ] --START--
INFO: ReadHtmlCache Behavior ::run [ RunTime:0.002452s ]
INFO: [ app_begin ] --END-- [ RunTime:0.002507s ]
ERR: 无法加载模块:Index

[ 2015-10-27T09:18:07+08:00 ] 127.0.0.1 /ywzg/1/index.php/WeChat/Index
INFO: [ route_check ] --START--
INFO: CheckRoute Behavior ::run [ RunTime:0.000565s ]
INFO: [ route_check ] --END-- [ RunTime:0.000620s ]
INFO: [ app_begin ] --START--
INFO: ReadHtmlCache Behavior ::run [ RunTime:0.000301s ]
INFO: [ app_begin ] --END-- [ RunTime:0.000332s ]
ERR: 无法加载模块:Index

[ 2015-10-27T09:18:40+08:00 ] 127.0.0.1 /ywzg/1/index.php/WeChat/Index
INFO: [ route_check ] --START--
INFO: CheckRoute Behavior ::run [ RunTime:0.000656s ]
INFO: [ route_check ] --END-- [ RunTime:0.000804s ]
INFO: [ app_begin ] --START--
INFO: ReadHtmlCache Behavior ::run [ RunTime:0.000493s ]
INFO: [ app_begin ] --END-- [ RunTime:0.000648s ]
ERR: 无法加载模块:Index

[ 2015-10-27T09:18:41+08:00 ] 127.0.0.1 /ywzg/1/index.php/WeChat/Index
INFO: [ route_check ] --START--
INFO: CheckRoute Behavior ::run [ RunTime:0.002991s ]
INFO: [ route_check ] --END-- [ RunTime:0.003059s ]
INFO: [ app_begin ] --START--
INFO: ReadHtmlCache Behavior ::run [ RunTime:0.001562s ]
INFO: [ app_begin ] --END-- [ RunTime:0.001610s ]
ERR: 无法加载模块:Index

[ 2015-10-27T09:19:33+08:00 ] 127.0.0.1 /ywzg/1/index.php/Wechat/Index
INFO: [ route_check ] --START--
INFO: CheckRoute Behavior ::run [ RunTime:0.000729s ]
INFO: [ route_check ] --END-- [ RunTime:0.005262s ]
INFO: [ app_begin ] --START--
INFO: ReadHtmlCache Behavior ::run [ RunTime:0.000535s ]
INFO: [ app_begin ] --END-- [ RunTime:0.000596s ]

[ 2015-10-27T09:26:35+08:00 ] 127.0.0.1 /ywzg/1/index.php/Wechat/Index
INFO: [ route_check ] --START--
INFO: CheckRoute Behavior ::run [ RunTime:0.003092s ]
INFO: [ route_check ] --END-- [ RunTime:0.003301s ]
INFO: [ app_begin ] --START--
INFO: ReadHtmlCache Behavior ::run [ RunTime:0.000489s ]
INFO: [ app_begin ] --END-- [ RunTime:0.000528s ]
NOTIC: [2] require_once(./Wechat.class.php): failed to open stream: No such file or directory /phpstudy/www/ywzg/1/App/Group/Wechat/Action/IndexAction.class.php 第 2 行.

[ 2015-10-27T09:27:21+08:00 ] 127.0.0.1 /ywzg/1/index.php/Wechat/Index
INFO: [ route_check ] --START--
INFO: CheckRoute Behavior ::run [ RunTime:0.002793s ]
INFO: [ route_check ] --END-- [ RunTime:0.002915s ]
INFO: [ app_begin ] --START--
INFO: ReadHtmlCache Behavior ::run [ RunTime:0.000319s ]
INFO: [ app_begin ] --END-- [ RunTime:0.000355s ]
NOTIC: [2] include(./Wechat.class.php): failed to open stream: No such file or directory /phpstudy/www/ywzg/1/App/Group/Wechat/Action/IndexAction.class.php 第 2 行.
NOTIC: [2] include(./Wechat.class.php): failed to open stream: No such file or directory /phpstudy/www/ywzg/1/App/Group/Wechat/Action/IndexAction.class.php 第 2 行.
NOTIC: [2] include(): Failed opening './Wechat.class.php' for inclusion (include_path='.::/phpstudy/www/ywzg/1/ThinkPHP/Extend/Vendor/') /phpstudy/www/ywzg/1/App/Group/Wechat/Action/IndexAction.class.php 第 2 行.

[ 2015-10-27T09:27:47+08:00 ] 127.0.0.1 /ywzg/1/index.php/Wechat/Index
INFO: [ route_check ] --START--
INFO: CheckRoute Behavior ::run [ RunTime:0.000656s ]
INFO: [ route_check ] --END-- [ RunTime:0.000798s ]
INFO: [ app_begin ] --START--
INFO: ReadHtmlCache Behavior ::run [ RunTime:0.000315s ]
INFO: [ app_begin ] --END-- [ RunTime:0.000351s ]
NOTIC: [2] include_once(./Wechat.class.php): failed to open stream: No such file or directory /phpstudy/www/ywzg/1/App/Group/Wechat/Action/IndexAction.class.php 第 2 行.
NOTIC: [2] include_once(): Failed opening './Wechat.class.php' for inclusion (include_path='.::/phpstudy/www/ywzg/1/ThinkPHP/Extend/Vendor/') /phpstudy/www/ywzg/1/App/Group/Wechat/Action/IndexAction.class.php 第 2 行.

[ 2015-10-27T09:27:48+08:00 ] 127.0.0.1 /ywzg/1/index.php/Wechat/Index
INFO: [ route_check ] --START--
INFO: CheckRoute Behavior ::run [ RunTime:0.000612s ]
INFO: [ route_check ] --END-- [ RunTime:0.000751s ]
INFO: [ app_begin ] --START--
INFO: ReadHtmlCache Behavior ::run [ RunTime:0.000351s ]
INFO: [ app_begin ] --END-- [ RunTime:0.000387s ]
NOTIC: [2] include_once(./Wechat.class.php): failed to open stream: No such file or directory /phpstudy/www/ywzg/1/App/Group/Wechat/Action/IndexAction.class.php 第 2 行.
NOTIC: [2] include_once(): Failed opening './Wechat.class.php' for inclusion (include_path='.::/phpstudy/www/ywzg/1/ThinkPHP/Extend/Vendor/') /phpstudy/www/ywzg/1/App/Group/Wechat/Action/IndexAction.class.php 第 2 行.

[ 2015-10-27T09:27:49+08:00 ] 127.0.0.1 /ywzg/1/index.php/Wechat/Index
INFO: [ route_check ] --START--
INFO: CheckRoute Behavior ::run [ RunTime:0.000501s ]
INFO: [ route_check ] --END-- [ RunTime:0.000609s ]
INFO: [ app_begin ] --START--
INFO: ReadHtmlCache Behavior ::run [ RunTime:0.004504s ]
INFO: [ app_begin ] --END-- [ RunTime:0.004567s ]
NOTIC: [2] include_once(./Wechat.class.php): failed to open stream: No such file or directory /phpstudy/www/ywzg/1/App/Group/Wechat/Action/IndexAction.class.php 第 2 行.
NOTIC: [2] include_once(): Failed opening './Wechat.class.php' for inclusion (include_path='.::/phpstudy/www/ywzg/1/ThinkPHP/Extend/Vendor/') /phpstudy/www/ywzg/1/App/Group/Wechat/Action/IndexAction.class.php 第 2 行.

[ 2015-10-27T09:28:19+08:00 ] 127.0.0.1 /ywzg/1/index.php/Wechat/Index
INFO: [ route_check ] --START--
INFO: CheckRoute Behavior ::run [ RunTime:0.000507s ]
INFO: [ route_check ] --END-- [ RunTime:0.000613s ]
INFO: [ app_begin ] --START--
INFO: ReadHtmlCache Behavior ::run [ RunTime:0.000299s ]
INFO: [ app_begin ] --END-- [ RunTime:0.000335s ]

[ 2015-10-27T09:28:19+08:00 ] 127.0.0.1 /ywzg/1/index.php/Wechat/Index
INFO: [ route_check ] --START--
INFO: CheckRoute Behavior ::run [ RunTime:0.000608s ]
INFO: [ route_check ] --END-- [ RunTime:0.000719s ]
INFO: [ app_begin ] --START--
INFO: ReadHtmlCache Behavior ::run [ RunTime:0.000346s ]
INFO: [ app_begin ] --END-- [ RunTime:0.000383s ]

[ 2015-10-27T09:34:12+08:00 ] 127.0.0.1 /ywzg/1/index.php/Wechat/Index
INFO: [ route_check ] --START--
INFO: CheckRoute Behavior ::run [ RunTime:0.001593s ]
INFO: [ route_check ] --END-- [ RunTime:0.001724s ]
INFO: [ app_begin ] --START--
INFO: ReadHtmlCache Behavior ::run [ RunTime:0.001010s ]
INFO: [ app_begin ] --END-- [ RunTime:0.001081s ]

[ 2015-10-27T09:34:13+08:00 ] 127.0.0.1 /ywzg/1/index.php/Wechat/Index
INFO: [ route_check ] --START--
INFO: CheckRoute Behavior ::run [ RunTime:0.000760s ]
INFO: [ route_check ] --END-- [ RunTime:0.000887s ]
INFO: [ app_begin ] --START--
INFO: ReadHtmlCache Behavior ::run [ RunTime:0.000348s ]
INFO: [ app_begin ] --END-- [ RunTime:0.000385s ]

[ 2015-10-27T09:34:15+08:00 ] 127.0.0.1 /ywzg/1/index.php/Wechat/Index
INFO: [ route_check ] --START--
INFO: CheckRoute Behavior ::run [ RunTime:0.000593s ]
INFO: [ route_check ] --END-- [ RunTime:0.000735s ]
INFO: [ app_begin ] --START--
INFO: ReadHtmlCache Behavior ::run [ RunTime:0.000342s ]
INFO: [ app_begin ] --END-- [ RunTime:0.000381s ]

[ 2015-10-27T09:34:15+08:00 ] 127.0.0.1 /ywzg/1/index.php/Wechat/Index
INFO: [ route_check ] --START--
INFO: CheckRoute Behavior ::run [ RunTime:0.002643s ]
INFO: [ route_check ] --END-- [ RunTime:0.002795s ]
INFO: [ app_begin ] --START--
INFO: ReadHtmlCache Behavior ::run [ RunTime:0.001902s ]
INFO: [ app_begin ] --END-- [ RunTime:0.001963s ]

[ 2015-10-27T09:35:35+08:00 ] 127.0.0.1 /ywzg/1/index.php/Wechat/Index
INFO: [ route_check ] --START--
INFO: CheckRoute Behavior ::run [ RunTime:0.000534s ]
INFO: [ route_check ] --END-- [ RunTime:0.000748s ]
INFO: [ app_begin ] --START--
INFO: ReadHtmlCache Behavior ::run [ RunTime:0.000325s ]
INFO: [ app_begin ] --END-- [ RunTime:0.000363s ]

[ 2015-10-27T09:36:50+08:00 ] 127.0.0.1 /ywzg/1/index.php/Wechat/Index
INFO: [ route_check ] --START--
INFO: CheckRoute Behavior ::run [ RunTime:0.002029s ]
INFO: [ route_check ] --END-- [ RunTime:0.002195s ]
INFO: [ app_begin ] --START--
INFO: ReadHtmlCache Behavior ::run [ RunTime:0.000353s ]
INFO: [ app_begin ] --END-- [ RunTime:0.000393s ]

[ 2015-10-27T09:39:51+08:00 ] 127.0.0.1 /ywzg/1/index.php/Wechat/Index
INFO: [ route_check ] --START--
INFO: CheckRoute Behavior ::run [ RunTime:0.001043s ]
INFO: [ route_check ] --END-- [ RunTime:0.001176s ]
INFO: [ app_begin ] --START--
INFO: ReadHtmlCache Behavior ::run [ RunTime:0.000369s ]
INFO: [ app_begin ] --END-- [ RunTime:0.000407s ]

[ 2015-10-27T09:40:34+08:00 ] 127.0.0.1 /ywzg/1/index.php/Wechat/Index
INFO: [ route_check ] --START--
INFO: CheckRoute Behavior ::run [ RunTime:0.000565s ]
INFO: [ route_check ] --END-- [ RunTime:0.000680s ]
INFO: [ app_begin ] --START--
INFO: ReadHtmlCache Behavior ::run [ RunTime:0.000311s ]
INFO: [ app_begin ] --END-- [ RunTime:0.000349s ]

[ 2015-10-27T09:45:48+08:00 ] 127.0.0.1 /ywzg/1/index.php/Scratch/Scratch
INFO: [ route_check ] --START--
INFO: CheckRoute Behavior ::run [ RunTime:0.000571s ]
INFO: [ route_check ] --END-- [ RunTime:0.000686s ]
INFO: [ app_begin ] --START--
INFO: ReadHtmlCache Behavior ::run [ RunTime:0.000350s ]
INFO: [ app_begin ] --END-- [ RunTime:0.000407s ]
SQL: SHOW COLUMNS FROM `sc_prize` [ RunTime:0.012516s ]
SQL: SELECT * FROM `sc_prize` WHERE ( id>0 )  [ RunTime:0.013480s ]
INFO: [ view_parse ] --START--
NOTIC: [8] Undefined variable: prize /phpstudy/www/ywzg/1/App/Runtime/Cache/Scratch/de4eafa14d6f7e774400651ec7f40fd2.php 第 61 行.
NOTIC: [8] Undefined variable: prize /phpstudy/www/ywzg/1/App/Runtime/Cache/Scratch/de4eafa14d6f7e774400651ec7f40fd2.php 第 69 行.
NOTIC: [8] Undefined variable: prize /phpstudy/www/ywzg/1/App/Runtime/Cache/Scratch/de4eafa14d6f7e774400651ec7f40fd2.php 第 69 行.
NOTIC: [8] Undefined variable: prize /phpstudy/www/ywzg/1/App/Runtime/Cache/Scratch/de4eafa14d6f7e774400651ec7f40fd2.php 第 72 行.
NOTIC: [8] Undefined variable: scratch /phpstudy/www/ywzg/1/App/Runtime/Cache/Scratch/de4eafa14d6f7e774400651ec7f40fd2.php 第 120 行.
INFO: ParseTemplate Behavior ::run [ RunTime:0.093033s ]
INFO: [ view_parse ] --END-- [ RunTime:0.093122s ]
INFO: [ view_filter ] --START--
INFO: ContentReplace Behavior ::run [ RunTime:0.000838s ]
INFO: TokenBuild Behavior ::run [ RunTime:0.000708s ]
INFO: WriteHtmlCache Behavior ::run [ RunTime:0.000687s ]
INFO: ShowRuntime Behavior ::run [ RunTime:0.000777s ]
INFO: [ view_filter ] --END-- [ RunTime:0.003129s ]
INFO: [ view_end ] --START--
INFO: ShowPageTrace Behavior ::run [ RunTime:0.007441s ]
INFO: [ view_end ] --END-- [ RunTime:0.007498s ]

[ 2015-10-27T09:45:55+08:00 ] 127.0.0.1 /ywzg/1/index.php/Scratch/Scratch/login.html
INFO: [ route_check ] --START--
INFO: CheckRoute Behavior ::run [ RunTime:0.000653s ]
INFO: [ route_check ] --END-- [ RunTime:0.003865s ]
INFO: [ app_begin ] --START--
INFO: ReadHtmlCache Behavior ::run [ RunTime:0.000362s ]
INFO: [ app_begin ] --END-- [ RunTime:0.000408s ]
NOTIC: [8] Constant THEME_NAME already defined /phpstudy/www/ywzg/1/ThinkPHP/Lib/Core/View.class.php 第 223 行.
NOTIC: [8] Constant THEME_PATH already defined /phpstudy/www/ywzg/1/ThinkPHP/Lib/Core/View.class.php 第 171 行.
NOTIC: [8] Constant APP_TMPL_PATH already defined /phpstudy/www/ywzg/1/ThinkPHP/Lib/Core/View.class.php 第 172 行.
INFO: [ view_parse ] --START--
INFO: ParseTemplate Behavior ::run [ RunTime:0.028299s ]
INFO: [ view_parse ] --END-- [ RunTime:0.028428s ]
INFO: [ view_filter ] --START--
INFO: ContentReplace Behavior ::run [ RunTime:0.000316s ]
INFO: TokenBuild Behavior ::run [ RunTime:0.000210s ]
INFO: WriteHtmlCache Behavior ::run [ RunTime:0.000129s ]
INFO: ShowRuntime Behavior ::run [ RunTime:0.000251s ]
INFO: [ view_filter ] --END-- [ RunTime:0.001000s ]
INFO: [ view_end ] --START--
INFO: ShowPageTrace Behavior ::run [ RunTime:0.000389s ]
INFO: [ view_end ] --END-- [ RunTime:0.000425s ]

[ 2015-10-27T09:46:00+08:00 ] 127.0.0.1 /ywzg/1/index.php/Home/Scratch/loginHandle.html
INFO: [ route_check ] --START--
INFO: CheckRoute Behavior ::run [ RunTime:0.000710s ]
INFO: [ route_check ] --END-- [ RunTime:0.000829s ]
INFO: [ app_begin ] --START--
INFO: ReadHtmlCache Behavior ::run [ RunTime:0.000428s ]
INFO: [ app_begin ] --END-- [ RunTime:0.000485s ]
ERR: 无法加载模块:Home

[ 2015-10-27T09:59:04+08:00 ] 127.0.0.1 /ywzg/1/index.php/Scratch/Scratch
INFO: [ route_check ] --START--
INFO: CheckRoute Behavior ::run [ RunTime:0.005204s ]
INFO: [ route_check ] --END-- [ RunTime:0.005337s ]
INFO: [ app_begin ] --START--
INFO: ReadHtmlCache Behavior ::run [ RunTime:0.000363s ]
INFO: [ app_begin ] --END-- [ RunTime:0.000409s ]
SQL: SHOW COLUMNS FROM `sc_prize` [ RunTime:0.001550s ]
SQL: SELECT * FROM `sc_prize` WHERE ( id>0 )  [ RunTime:0.000453s ]
INFO: [ view_parse ] --START--
NOTIC: [8] Undefined variable: prize /phpstudy/www/ywzg/1/App/Runtime/Cache/Scratch/de4eafa14d6f7e774400651ec7f40fd2.php 第 61 行.
NOTIC: [8] Undefined variable: prize /phpstudy/www/ywzg/1/App/Runtime/Cache/Scratch/de4eafa14d6f7e774400651ec7f40fd2.php 第 69 行.
NOTIC: [8] Undefined variable: prize /phpstudy/www/ywzg/1/App/Runtime/Cache/Scratch/de4eafa14d6f7e774400651ec7f40fd2.php 第 69 行.
NOTIC: [8] Undefined variable: prize /phpstudy/www/ywzg/1/App/Runtime/Cache/Scratch/de4eafa14d6f7e774400651ec7f40fd2.php 第 72 行.
NOTIC: [8] Undefined variable: scratch /phpstudy/www/ywzg/1/App/Runtime/Cache/Scratch/de4eafa14d6f7e774400651ec7f40fd2.php 第 120 行.
INFO: ParseTemplate Behavior ::run [ RunTime:0.027912s ]
INFO: [ view_parse ] --END-- [ RunTime:0.027992s ]
INFO: [ view_filter ] --START--
INFO: ContentReplace Behavior ::run [ RunTime:0.001167s ]
INFO: TokenBuild Behavior ::run [ RunTime:0.000257s ]
INFO: WriteHtmlCache Behavior ::run [ RunTime:0.000153s ]
INFO: ShowRuntime Behavior ::run [ RunTime:0.000365s ]
INFO: [ view_filter ] --END-- [ RunTime:0.002082s ]
INFO: [ view_end ] --START--
INFO: ShowPageTrace Behavior ::run [ RunTime:0.000413s ]
INFO: [ view_end ] --END-- [ RunTime:0.000462s ]

[ 2015-10-27T09:59:06+08:00 ] 127.0.0.1 /ywzg/1/index.php/Scratch/Scratch/login.html
INFO: [ route_check ] --START--
INFO: CheckRoute Behavior ::run [ RunTime:0.000497s ]
INFO: [ route_check ] --END-- [ RunTime:0.004536s ]
INFO: [ app_begin ] --START--
INFO: ReadHtmlCache Behavior ::run [ RunTime:0.000471s ]
INFO: [ app_begin ] --END-- [ RunTime:0.000512s ]
NOTIC: [8] Constant THEME_NAME already defined /phpstudy/www/ywzg/1/ThinkPHP/Lib/Core/View.class.php 第 223 行.
NOTIC: [8] Constant THEME_PATH already defined /phpstudy/www/ywzg/1/ThinkPHP/Lib/Core/View.class.php 第 171 行.
NOTIC: [8] Constant APP_TMPL_PATH already defined /phpstudy/www/ywzg/1/ThinkPHP/Lib/Core/View.class.php 第 172 行.
INFO: [ view_parse ] --START--
INFO: ParseTemplate Behavior ::run [ RunTime:0.013255s ]
INFO: [ view_parse ] --END-- [ RunTime:0.013311s ]
INFO: [ view_filter ] --START--
INFO: ContentReplace Behavior ::run [ RunTime:0.000267s ]
INFO: TokenBuild Behavior ::run [ RunTime:0.000228s ]
INFO: WriteHtmlCache Behavior ::run [ RunTime:0.000153s ]
INFO: ShowRuntime Behavior ::run [ RunTime:0.000256s ]
INFO: [ view_filter ] --END-- [ RunTime:0.001027s ]
INFO: [ view_end ] --START--
INFO: ShowPageTrace Behavior ::run [ RunTime:0.000414s ]
INFO: [ view_end ] --END-- [ RunTime:0.000445s ]

[ 2015-10-27T09:59:19+08:00 ] 127.0.0.1 /ywzg/1/index.php/Scratch/Scratch/loginHandle.html
INFO: [ route_check ] --START--
INFO: CheckRoute Behavior ::run [ RunTime:0.000575s ]
INFO: [ route_check ] --END-- [ RunTime:0.000690s ]
INFO: [ app_begin ] --START--
INFO: ReadHtmlCache Behavior ::run [ RunTime:0.000341s ]
INFO: [ app_begin ] --END-- [ RunTime:0.000384s ]
SQL: SHOW COLUMNS FROM `sc_user` [ RunTime:0.017858s ]
SQL: SELECT * FROM `sc_user` WHERE ( username='wang' AND password='12345' ) LIMIT 1   [ RunTime:0.018881s ]
INFO: [ view_parse ] --START--
INFO: ParseTemplate Behavior ::run [ RunTime:0.009277s ]
INFO: [ view_parse ] --END-- [ RunTime:0.009345s ]
INFO: [ view_filter ] --START--
INFO: ContentReplace Behavior ::run [ RunTime:0.000247s ]
INFO: TokenBuild Behavior ::run [ RunTime:0.000238s ]
INFO: WriteHtmlCache Behavior ::run [ RunTime:0.000132s ]
INFO: ShowRuntime Behavior ::run [ RunTime:0.000249s ]
INFO: [ view_filter ] --END-- [ RunTime:0.000955s ]
INFO: [ view_end ] --START--
INFO: ShowPageTrace Behavior ::run [ RunTime:0.006654s ]
INFO: [ view_end ] --END-- [ RunTime:0.006724s ]

[ 2015-10-27T09:59:23+08:00 ] 127.0.0.1 /ywzg/1/index.php/Scratch/Scratch/index.html
INFO: [ route_check ] --START--
INFO: CheckRoute Behavior ::run [ RunTime:0.000488s ]
INFO: [ route_check ] --END-- [ RunTime:0.000543s ]
INFO: [ app_begin ] --START--
INFO: ReadHtmlCache Behavior ::run [ RunTime:0.000289s ]
INFO: [ app_begin ] --END-- [ RunTime:0.000321s ]
SQL: SHOW COLUMNS FROM `sc_prize` [ RunTime:0.000631s ]
SQL: SELECT * FROM `sc_prize` WHERE ( id>0 )  [ RunTime:0.000280s ]
SQL: SHOW COLUMNS FROM `sc_scratch` [ RunTime:0.009951s ]
SQL: SELECT * FROM `sc_scratch` WHERE ( username='wang' ) LIMIT 1   [ RunTime:0.000348s ]
SQL: UPDATE `sc_scratch` SET `username`='wang',`times`=1,`time`=1445911162 WHERE ( `id` = 1 ) [ RunTime:0.016583s ]
INFO: [ view_parse ] --START--
NOTIC: [8] Undefined variable: login /phpstudy/www/ywzg/1/App/Runtime/Cache/Scratch/de4eafa14d6f7e774400651ec7f40fd2.php 第 56 行.
NOTIC: [8] Undefined variable: login /phpstudy/www/ywzg/1/App/Runtime/Cache/Scratch/de4eafa14d6f7e774400651ec7f40fd2.php 第 140 行.
INFO: ParseTemplate Behavior ::run [ RunTime:0.011713s ]
INFO: [ view_parse ] --END-- [ RunTime:0.011758s ]
INFO: [ view_filter ] --START--
INFO: ContentReplace Behavior ::run [ RunTime:0.000335s ]
INFO: TokenBuild Behavior ::run [ RunTime:0.000218s ]
INFO: WriteHtmlCache Behavior ::run [ RunTime:0.000124s ]
INFO: ShowRuntime Behavior ::run [ RunTime:0.000243s ]
INFO: [ view_filter ] --END-- [ RunTime:0.001009s ]
INFO: [ view_end ] --START--
INFO: ShowPageTrace Behavior ::run [ RunTime:0.000344s ]
INFO: [ view_end ] --END-- [ RunTime:0.000430s ]
SQL: UPDATE `sc_prize` SET `name`='六等奖',`content`='1个Q币',`num`=1,`v`=2729 WHERE ( `id` = 6 ) [ RunTime:0.039229s ]
SQL: select `cachekey` from `sc_cache` where `cachekey`='39196C1D870318C' limit 0,1 [ RunTime:0.000411s ]
SQL: INSERT INTO sc_cache (`cachekey`,`data`,`datacrc`,`expire`) VALUES ('39196C1D870318C','s:1:"1";','',1445911763) [ RunTime:0.005772s ]

[ 2015-10-27T09:59:34+08:00 ] 127.0.0.1 /ywzg/1/index.php/Scratch/Scratch/getAward.html
INFO: [ route_check ] --START--
INFO: CheckRoute Behavior ::run [ RunTime:0.003997s ]
INFO: [ route_check ] --END-- [ RunTime:0.004154s ]
INFO: [ app_begin ] --START--
INFO: ReadHtmlCache Behavior ::run [ RunTime:0.000331s ]
INFO: [ app_begin ] --END-- [ RunTime:0.000375s ]
INFO: [ view_parse ] --START--
INFO: ParseTemplate Behavior ::run [ RunTime:0.006721s ]
INFO: [ view_parse ] --END-- [ RunTime:0.006824s ]
INFO: [ view_filter ] --START--
INFO: ContentReplace Behavior ::run [ RunTime:0.000375s ]
INFO: TokenBuild Behavior ::run [ RunTime:0.000315s ]
INFO: WriteHtmlCache Behavior ::run [ RunTime:0.000155s ]
INFO: ShowRuntime Behavior ::run [ RunTime:0.000335s ]
INFO: [ view_filter ] --END-- [ RunTime:0.001291s ]
INFO: [ view_end ] --START--
INFO: ShowPageTrace Behavior ::run [ RunTime:0.000426s ]
INFO: [ view_end ] --END-- [ RunTime:0.000460s ]

[ 2015-10-27T09:59:38+08:00 ] 127.0.0.1 /ywzg/1/index.php/Scratch/Scratch/awardHandle.html?sncode=444
INFO: [ route_check ] --START--
INFO: CheckRoute Behavior ::run [ RunTime:0.006160s ]
INFO: [ route_check ] --END-- [ RunTime:0.006233s ]
INFO: [ app_begin ] --START--
INFO: ReadHtmlCache Behavior ::run [ RunTime:0.000314s ]
INFO: [ app_begin ] --END-- [ RunTime:0.000346s ]
SQL: SELECT `data`,`datacrc` FROM `sc_cache` WHERE `cachekey`='444' AND (`expire` =0 OR `expire`>1445911178) LIMIT 0,1 [ RunTime:0.011339s ]
NOTIC: [8] Undefined offset: 0 /phpstudy/www/ywzg/1/ThinkPHP/Extend/Driver/Cache/CacheDb.class.php 第 59 行.

[ 2015-10-27T10:01:06+08:00 ] 127.0.0.1 /ywzg/1/index.php/Scratch/Scratch/register
INFO: [ route_check ] --START--
INFO: CheckRoute Behavior ::run [ RunTime:0.000576s ]
INFO: [ route_check ] --END-- [ RunTime:0.000710s ]
INFO: [ app_begin ] --START--
INFO: ReadHtmlCache Behavior ::run [ RunTime:0.003666s ]
INFO: [ app_begin ] --END-- [ RunTime:0.003757s ]
NOTIC: [8] Undefined index: fromusername /phpstudy/www/ywzg/1/App/Group/Scratch/Action/ScratchAction.class.php 第 103 行.
SQL: SHOW COLUMNS FROM `sc_user` [ RunTime:0.026686s ]
SQL: SELECT * FROM `sc_user` WHERE ( fromusername='test' ) LIMIT 1   [ RunTime:0.000257s ]
INFO: [ view_parse ] --START--
INFO: ParseTemplate Behavior ::run [ RunTime:0.019453s ]
INFO: [ view_parse ] --END-- [ RunTime:0.019584s ]
INFO: [ view_filter ] --START--
INFO: ContentReplace Behavior ::run [ RunTime:0.000246s ]
INFO: TokenBuild Behavior ::run [ RunTime:0.000198s ]
INFO: WriteHtmlCache Behavior ::run [ RunTime:0.000136s ]
INFO: ShowRuntime Behavior ::run [ RunTime:0.000255s ]
INFO: [ view_filter ] --END-- [ RunTime:0.000925s ]
INFO: [ view_end ] --START--
INFO: ShowPageTrace Behavior ::run [ RunTime:0.000434s ]
INFO: [ view_end ] --END-- [ RunTime:0.000472s ]

[ 2015-10-27T10:01:07+08:00 ] 127.0.0.1 /ywzg/1/index.php/Scratch/Scratch/index.html
INFO: [ route_check ] --START--
INFO: CheckRoute Behavior ::run [ RunTime:0.004893s ]
INFO: [ route_check ] --END-- [ RunTime:0.004961s ]
INFO: [ app_begin ] --START--
INFO: ReadHtmlCache Behavior ::run [ RunTime:0.000310s ]
INFO: [ app_begin ] --END-- [ RunTime:0.000345s ]
SQL: SHOW COLUMNS FROM `sc_prize` [ RunTime:0.000877s ]
SQL: SELECT * FROM `sc_prize` WHERE ( id>0 )  [ RunTime:0.000307s ]
SQL: SHOW COLUMNS FROM `sc_scratch` [ RunTime:0.000615s ]
SQL: SELECT * FROM `sc_scratch` WHERE ( username='wang' ) LIMIT 1   [ RunTime:0.000185s ]
SQL: UPDATE `sc_scratch` SET `username`='wang',`times`=0,`time`=1445911267 WHERE ( `id` = 1 ) [ RunTime:0.026233s ]
INFO: [ view_parse ] --START--
NOTIC: [8] Undefined variable: login /phpstudy/www/ywzg/1/App/Runtime/Cache/Scratch/de4eafa14d6f7e774400651ec7f40fd2.php 第 56 行.
NOTIC: [8] Undefined variable: login /phpstudy/www/ywzg/1/App/Runtime/Cache/Scratch/de4eafa14d6f7e774400651ec7f40fd2.php 第 140 行.
INFO: ParseTemplate Behavior ::run [ RunTime:0.007390s ]
INFO: [ view_parse ] --END-- [ RunTime:0.007439s ]
INFO: [ view_filter ] --START--
INFO: ContentReplace Behavior ::run [ RunTime:0.000265s ]
INFO: TokenBuild Behavior ::run [ RunTime:0.000199s ]
INFO: WriteHtmlCache Behavior ::run [ RunTime:0.000226s ]
INFO: ShowRuntime Behavior ::run [ RunTime:0.000338s ]
INFO: [ view_filter ] --END-- [ RunTime:0.001117s ]
INFO: [ view_end ] --START--
INFO: ShowPageTrace Behavior ::run [ RunTime:0.000436s ]
INFO: [ view_end ] --END-- [ RunTime:0.000474s ]
SQL: UPDATE `sc_prize` SET `name`='六等奖',`content`='1个Q币',`num`=1,`v`=2728 WHERE ( `id` = 6 ) [ RunTime:0.000357s ]
SQL: select `cachekey` from `sc_cache` where `cachekey`='576F064866FC61D' limit 0,1 [ RunTime:0.000187s ]
SQL: INSERT INTO sc_cache (`cachekey`,`data`,`datacrc`,`expire`) VALUES ('576F064866FC61D','s:1:"1";','',1445911867) [ RunTime:0.048497s ]

[ 2015-10-27T10:55:34+08:00 ] 127.0.0.1 /ywzg/1/index.php/Scratch/Scratch
INFO: [ route_check ] --START--
INFO: CheckRoute Behavior ::run [ RunTime:0.000821s ]
INFO: [ route_check ] --END-- [ RunTime:0.006574s ]
INFO: [ app_begin ] --START--
INFO: ReadHtmlCache Behavior ::run [ RunTime:0.000355s ]
INFO: [ app_begin ] --END-- [ RunTime:0.000398s ]
SQL: SHOW COLUMNS FROM `sc_prize` [ RunTime:0.018525s ]
SQL: SELECT * FROM `sc_prize` WHERE ( id>0 )  [ RunTime:0.000533s ]
SQL: SHOW COLUMNS FROM `sc_scratch` [ RunTime:0.000742s ]
SQL: SELECT * FROM `sc_scratch` WHERE ( username='wang' ) LIMIT 1   [ RunTime:0.000301s ]
INFO: [ view_parse ] --START--
INFO: ParseTemplate Behavior ::run [ RunTime:0.013670s ]
INFO: [ view_parse ] --END-- [ RunTime:0.013766s ]
INFO: [ view_filter ] --START--
INFO: ContentReplace Behavior ::run [ RunTime:0.000293s ]
INFO: TokenBuild Behavior ::run [ RunTime:0.000370s ]
INFO: WriteHtmlCache Behavior ::run [ RunTime:0.000203s ]
INFO: ShowRuntime Behavior ::run [ RunTime:0.000335s ]
INFO: [ view_filter ] --END-- [ RunTime:0.001303s ]
INFO: [ view_end ] --START--
INFO: ShowPageTrace Behavior ::run [ RunTime:0.000492s ]
INFO: [ view_end ] --END-- [ RunTime:0.000551s ]

[ 2015-10-27T11:34:48+08:00 ] 127.0.0.1 /ywzg/1/index.php/Wechat/Index/index
INFO: [ route_check ] --START--
INFO: CheckRoute Behavior ::run [ RunTime:0.000690s ]
INFO: [ route_check ] --END-- [ RunTime:0.000865s ]
INFO: [ app_begin ] --START--
INFO: ReadHtmlCache Behavior ::run [ RunTime:0.000621s ]
INFO: [ app_begin ] --END-- [ RunTime:0.000700s ]

[ 2015-10-27T13:04:14+08:00 ] 127.0.0.1 /ywzg/1/index.php/Wechat/Index/index
INFO: [ route_check ] --START--
INFO: CheckRoute Behavior ::run [ RunTime:0.000739s ]
INFO: [ route_check ] --END-- [ RunTime:0.000980s ]
INFO: [ app_begin ] --START--
INFO: ReadHtmlCache Behavior ::run [ RunTime:0.000414s ]
INFO: [ app_begin ] --END-- [ RunTime:0.000476s ]

[ 2015-10-27T13:06:37+08:00 ] 127.0.0.1 /ywzg/1/index.php/Wechat/Index/index
INFO: [ route_check ] --START--
INFO: CheckRoute Behavior ::run [ RunTime:0.000562s ]
INFO: [ route_check ] --END-- [ RunTime:0.000724s ]
INFO: [ app_begin ] --START--
INFO: ReadHtmlCache Behavior ::run [ RunTime:0.000373s ]
INFO: [ app_begin ] --END-- [ RunTime:0.000417s ]

[ 2015-10-27T13:06:39+08:00 ] 127.0.0.1 /ywzg/1/index.php/Wechat/Index/index
INFO: [ route_check ] --START--
INFO: CheckRoute Behavior ::run [ RunTime:0.000504s ]
INFO: [ route_check ] --END-- [ RunTime:0.000573s ]
INFO: [ app_begin ] --START--
INFO: ReadHtmlCache Behavior ::run [ RunTime:0.000309s ]
INFO: [ app_begin ] --END-- [ RunTime:0.003223s ]

